<?xml version="1.0" encoding="UTF-8"?>
<!-- Generated by org.testng.reporters.JUnitReportReporter -->
<testsuite skipped="0" hostname="Siddhesh" name="Reports" tests="2" failures="0" timestamp="2021-11-12T11:06:36 IST" time="0.016" errors="0">
  <testcase name="setup" time="0.016" classname="Reports"/>
  <system-out/>
  <testcase name="setup2" time="0.000" classname="Reports"/>
  <system-out/>
</testsuite> <!-- Reports -->
